<?xml version="1.0" encoding="UTF-8"?>
<!-- Generated by org.testng.reporters.JUnitReportReporter -->
<testsuite skipped="0" hostname="DESKTOP-Q8PQR9T" name="com.Assesment.testCases.Testcase001" tests="1" failures="0" timestamp="2021-04-14T14:44:48 IST" time="4.384" errors="0">
  <testcase name="logintest" time="4.384" classname="com.Assesment.testCases.Testcase001"/>
  <system-out/>
</testsuite> <!-- com.Assesment.testCases.Testcase001 -->
