<?xml version="1.0" encoding="UTF-8"?>
<!-- Generated by org.testng.reporters.JUnitReportReporter -->
<testsuite skipped="0" hostname="DESKTOP-Q8PQR9T" name="com.Assesment.testCases.Testcase002" tests="2" failures="0" timestamp="2021-04-15T20:56:19 IST" time="12.404" errors="0">
  <testcase name="DDT" time="8.969" classname="com.Assesment.testCases.Testcase002"/>
  <system-out/>
  <testcase name="DDT" time="3.435" classname="com.Assesment.testCases.Testcase002"/>
  <system-out/>
</testsuite> <!-- com.Assesment.testCases.Testcase002 -->
